[0319/220811.132:INFO:CONSOLE(7)] "THREE.ColladaLoader: File version 1.4.0", source: file:///C:/Program%20Files/AnyLogic%208.9%20Personal%20Learning%20Edition/plugins/com.anylogic.graphics3d_8.9.8.202602271015/static/init.js (7)
[0319/220811.174:INFO:CONSOLE(13)] "Loaded: file:C:/Users/Abdullah/Desktop/my file/Model8/3d/detector.dae", source: file:///C:/Program%20Files/AnyLogic%208.9%20Personal%20Learning%20Edition/plugins/com.anylogic.graphics3d_8.9.8.202602271015/static/init.js (13)
[0319/220811.199:INFO:CONSOLE(13)] "Loaded: file:C:/Users/Abdullah/Desktop/my file/Model8/3d/detector.dae", source: file:///C:/Program%20Files/AnyLogic%208.9%20Personal%20Learning%20Edition/plugins/com.anylogic.graphics3d_8.9.8.202602271015/static/init.js (13)
[0319/220811.521:INFO:CONSOLE(13)] "Loaded: file:C:/Users/Abdullah/Desktop/my file/Model8/3d/detector.dae", source: file:///C:/Program%20Files/AnyLogic%208.9%20Personal%20Learning%20Edition/plugins/com.anylogic.graphics3d_8.9.8.202602271015/static/init.js (13)
[0319/220811.570:INFO:CONSOLE(7)] "THREE.ColladaLoader: File version 1.4.0", source: file:///C:/Program%20Files/AnyLogic%208.9%20Personal%20Learning%20Edition/plugins/com.anylogic.graphics3d_8.9.8.202602271015/static/init.js (7)
[0319/220811.599:INFO:CONSOLE(13)] "Loaded: file:C:/Users/Abdullah/Desktop/my file/Model8/3d/xray.dae", source: file:///C:/Program%20Files/AnyLogic%208.9%20Personal%20Learning%20Edition/plugins/com.anylogic.graphics3d_8.9.8.202602271015/static/init.js (13)
[0319/220811.618:INFO:CONSOLE(13)] "Loaded: file:C:/Users/Abdullah/Desktop/my file/Model8/3d/xray.dae", source: file:///C:/Program%20Files/AnyLogic%208.9%20Personal%20Learning%20Edition/plugins/com.anylogic.graphics3d_8.9.8.202602271015/static/init.js (13)
[0319/220811.777:INFO:CONSOLE(7)] "THREE.ColladaLoader: File version 1.4.0", source: file:///C:/Program%20Files/AnyLogic%208.9%20Personal%20Learning%20Edition/plugins/com.anylogic.graphics3d_8.9.8.202602271015/static/init.js (7)
[0319/220811.835:INFO:CONSOLE(13)] "Loaded: file:C:/Users/Abdullah/Desktop/my file/Model8/3d/table.dae", source: file:///C:/Program%20Files/AnyLogic%208.9%20Personal%20Learning%20Edition/plugins/com.anylogic.graphics3d_8.9.8.202602271015/static/init.js (13)
[0319/220811.851:INFO:CONSOLE(13)] "Loaded: file:C:/Users/Abdullah/Desktop/my file/Model8/3d/table.dae", source: file:///C:/Program%20Files/AnyLogic%208.9%20Personal%20Learning%20Edition/plugins/com.anylogic.graphics3d_8.9.8.202602271015/static/init.js (13)
[0319/220811.892:INFO:CONSOLE(7)] "THREE.ColladaLoader: File version 1.4.0", source: file:///C:/Program%20Files/AnyLogic%208.9%20Personal%20Learning%20Edition/plugins/com.anylogic.graphics3d_8.9.8.202602271015/static/init.js (7)
[0319/220811.906:INFO:CONSOLE(13)] "Loaded: file:C:/Users/Abdullah/Desktop/my file/Model8/3d/ticket_vending_machine_2.dae", source: file:///C:/Program%20Files/AnyLogic%208.9%20Personal%20Learning%20Edition/plugins/com.anylogic.graphics3d_8.9.8.202602271015/static/init.js (13)
[0319/220811.921:INFO:CONSOLE(13)] "Loaded: file:C:/Users/Abdullah/Desktop/my file/Model8/3d/ticket_vending_machine_2.dae", source: file:///C:/Program%20Files/AnyLogic%208.9%20Personal%20Learning%20Edition/plugins/com.anylogic.graphics3d_8.9.8.202602271015/static/init.js (13)
[0319/220811.965:INFO:CONSOLE(7)] "THREE.ColladaLoader: File version 1.4.0", source: file:///C:/Program%20Files/AnyLogic%208.9%20Personal%20Learning%20Edition/plugins/com.anylogic.graphics3d_8.9.8.202602271015/static/init.js (7)
[0319/220812.029:INFO:CONSOLE(13)] "Loaded: file:C:/Users/Abdullah/Desktop/my file/Model8/3d/fire_extinguisher.dae", source: file:///C:/Program%20Files/AnyLogic%208.9%20Personal%20Learning%20Edition/plugins/com.anylogic.graphics3d_8.9.8.202602271015/static/init.js (13)
[0319/220812.046:INFO:CONSOLE(13)] "Loaded: file:C:/Users/Abdullah/Desktop/my file/Model8/3d/fire_extinguisher.dae", source: file:///C:/Program%20Files/AnyLogic%208.9%20Personal%20Learning%20Edition/plugins/com.anylogic.graphics3d_8.9.8.202602271015/static/init.js (13)
[0319/220812.088:INFO:CONSOLE(7)] "THREE.ColladaLoader: File version 1.4.0", source: file:///C:/Program%20Files/AnyLogic%208.9%20Personal%20Learning%20Edition/plugins/com.anylogic.graphics3d_8.9.8.202602271015/static/init.js (7)
[0319/220812.098:INFO:CONSOLE(13)] "Loaded: file:C:/Users/Abdullah/Desktop/my file/Model8/3d/couch_2.dae", source: file:///C:/Program%20Files/AnyLogic%208.9%20Personal%20Learning%20Edition/plugins/com.anylogic.graphics3d_8.9.8.202602271015/static/init.js (13)
[0319/220812.115:INFO:CONSOLE(13)] "Loaded: file:C:/Users/Abdullah/Desktop/my file/Model8/3d/couch_2.dae", source: file:///C:/Program%20Files/AnyLogic%208.9%20Personal%20Learning%20Edition/plugins/com.anylogic.graphics3d_8.9.8.202602271015/static/init.js (13)
[0319/220812.160:INFO:CONSOLE(7)] "THREE.ColladaLoader: File version 1.4.0", source: file:///C:/Program%20Files/AnyLogic%208.9%20Personal%20Learning%20Edition/plugins/com.anylogic.graphics3d_8.9.8.202602271015/static/init.js (7)
[0319/220812.168:INFO:CONSOLE(13)] "Loaded: file:C:/Users/Abdullah/Desktop/my file/Model8/3d/couch_1.dae", source: file:///C:/Program%20Files/AnyLogic%208.9%20Personal%20Learning%20Edition/plugins/com.anylogic.graphics3d_8.9.8.202602271015/static/init.js (13)
[0319/220812.184:INFO:CONSOLE(13)] "Loaded: file:C:/Users/Abdullah/Desktop/my file/Model8/3d/couch_1.dae", source: file:///C:/Program%20Files/AnyLogic%208.9%20Personal%20Learning%20Edition/plugins/com.anylogic.graphics3d_8.9.8.202602271015/static/init.js (13)
[0319/220812.229:INFO:CONSOLE(7)] "THREE.ColladaLoader: File version 1.4.0", source: file:///C:/Program%20Files/AnyLogic%208.9%20Personal%20Learning%20Edition/plugins/com.anylogic.graphics3d_8.9.8.202602271015/static/init.js (7)
[0319/220812.234:INFO:CONSOLE(13)] "Loaded: file:C:/Users/Abdullah/Desktop/my file/Model8/3d/monitor_on.dae", source: file:///C:/Program%20Files/AnyLogic%208.9%20Personal%20Learning%20Edition/plugins/com.anylogic.graphics3d_8.9.8.202602271015/static/init.js (13)
[0319/220812.262:INFO:CONSOLE(13)] "Loaded: file:C:/Users/Abdullah/Desktop/my file/Model8/3d/monitor_on.dae", source: file:///C:/Program%20Files/AnyLogic%208.9%20Personal%20Learning%20Edition/plugins/com.anylogic.graphics3d_8.9.8.202602271015/static/init.js (13)
[0319/220812.294:INFO:CONSOLE(13)] "Loaded: file:C:/Users/Abdullah/Desktop/my file/Model8/3d/couch_1.dae", source: file:///C:/Program%20Files/AnyLogic%208.9%20Personal%20Learning%20Edition/plugins/com.anylogic.graphics3d_8.9.8.202602271015/static/init.js (13)
[0319/220812.327:INFO:CONSOLE(13)] "Loaded: file:C:/Users/Abdullah/Desktop/my file/Model8/3d/detector.dae", source: file:///C:/Program%20Files/AnyLogic%208.9%20Personal%20Learning%20Edition/plugins/com.anylogic.graphics3d_8.9.8.202602271015/static/init.js (13)
[0319/220812.382:INFO:CONSOLE(7)] "THREE.ColladaLoader: File version 1.4.0", source: file:///C:/Program%20Files/AnyLogic%208.9%20Personal%20Learning%20Edition/plugins/com.anylogic.graphics3d_8.9.8.202602271015/static/init.js (7)
[0319/220812.399:INFO:CONSOLE(13)] "Loaded: file:C:/Users/Abdullah/Desktop/my file/Model8/3d/table_2.dae", source: file:///C:/Program%20Files/AnyLogic%208.9%20Personal%20Learning%20Edition/plugins/com.anylogic.graphics3d_8.9.8.202602271015/static/init.js (13)
[0319/220812.429:INFO:CONSOLE(13)] "Loaded: file:C:/Users/Abdullah/Desktop/my file/Model8/3d/table_2.dae", source: file:///C:/Program%20Files/AnyLogic%208.9%20Personal%20Learning%20Edition/plugins/com.anylogic.graphics3d_8.9.8.202602271015/static/init.js (13)
[0319/220812.471:INFO:CONSOLE(7)] "THREE.ColladaLoader: File version 1.4.0", source: file:///C:/Program%20Files/AnyLogic%208.9%20Personal%20Learning%20Edition/plugins/com.anylogic.graphics3d_8.9.8.202602271015/static/init.js (7)
[0319/220812.478:INFO:CONSOLE(13)] "Loaded: file:C:/Users/Abdullah/Desktop/my file/Model8/3d/chair.dae", source: file:///C:/Program%20Files/AnyLogic%208.9%20Personal%20Learning%20Edition/plugins/com.anylogic.graphics3d_8.9.8.202602271015/static/init.js (13)
[0319/220812.493:INFO:CONSOLE(13)] "Loaded: file:C:/Users/Abdullah/Desktop/my file/Model8/3d/chair.dae", source: file:///C:/Program%20Files/AnyLogic%208.9%20Personal%20Learning%20Edition/plugins/com.anylogic.graphics3d_8.9.8.202602271015/static/init.js (13)
[0319/220812.533:INFO:CONSOLE(7)] "THREE.ColladaLoader: File version 1.4.0", source: file:///C:/Program%20Files/AnyLogic%208.9%20Personal%20Learning%20Edition/plugins/com.anylogic.graphics3d_8.9.8.202602271015/static/init.js (7)
[0319/220812.569:INFO:CONSOLE(13)] "Loaded: file:C:/Users/Abdullah/Desktop/my file/Model8/3d/officeworker.dae", source: file:///C:/Program%20Files/AnyLogic%208.9%20Personal%20Learning%20Edition/plugins/com.anylogic.graphics3d_8.9.8.202602271015/static/init.js (13)
[0319/220812.583:INFO:CONSOLE(13)] "Loaded: file:C:/Users/Abdullah/Desktop/my file/Model8/3d/officeworker.dae", source: file:///C:/Program%20Files/AnyLogic%208.9%20Personal%20Learning%20Edition/plugins/com.anylogic.graphics3d_8.9.8.202602271015/static/init.js (13)
[0319/220812.614:INFO:CONSOLE(13)] "Loaded: file:C:/Users/Abdullah/Desktop/my file/Model8/3d/table.dae", source: file:///C:/Program%20Files/AnyLogic%208.9%20Personal%20Learning%20Edition/plugins/com.anylogic.graphics3d_8.9.8.202602271015/static/init.js (13)
[0319/220812.664:INFO:CONSOLE(7)] "THREE.ColladaLoader: File version 1.4.0", source: file:///C:/Program%20Files/AnyLogic%208.9%20Personal%20Learning%20Edition/plugins/com.anylogic.graphics3d_8.9.8.202602271015/static/init.js (7)
[0319/220812.714:INFO:CONSOLE(13)] "Loaded: file:C:/Users/Abdullah/Desktop/my file/Model8/3d/soldier.dae", source: file:///C:/Program%20Files/AnyLogic%208.9%20Personal%20Learning%20Edition/plugins/com.anylogic.graphics3d_8.9.8.202602271015/static/init.js (13)
[0319/220812.729:INFO:CONSOLE(13)] "Loaded: file:C:/Users/Abdullah/Desktop/my file/Model8/3d/soldier.dae", source: file:///C:/Program%20Files/AnyLogic%208.9%20Personal%20Learning%20Edition/plugins/com.anylogic.graphics3d_8.9.8.202602271015/static/init.js (13)
[0319/220812.786:INFO:CONSOLE(7)] "THREE.ColladaLoader: File version 1.4.0", source: file:///C:/Program%20Files/AnyLogic%208.9%20Personal%20Learning%20Edition/plugins/com.anylogic.graphics3d_8.9.8.202602271015/static/init.js (7)
[0319/220812.845:INFO:CONSOLE(13)] "Loaded: file:C:/Users/Abdullah/Desktop/my file/Model8/3d/officer.dae", source: file:///C:/Program%20Files/AnyLogic%208.9%20Personal%20Learning%20Edition/plugins/com.anylogic.graphics3d_8.9.8.202602271015/static/init.js (13)
[0319/220812.861:INFO:CONSOLE(13)] "Loaded: file:C:/Users/Abdullah/Desktop/my file/Model8/3d/officer.dae", source: file:///C:/Program%20Files/AnyLogic%208.9%20Personal%20Learning%20Edition/plugins/com.anylogic.graphics3d_8.9.8.202602271015/static/init.js (13)
[0319/220812.894:INFO:CONSOLE(13)] "Loaded: file:C:/Users/Abdullah/Desktop/my file/Model8/3d/couch_1.dae", source: file:///C:/Program%20Files/AnyLogic%208.9%20Personal%20Learning%20Edition/plugins/com.anylogic.graphics3d_8.9.8.202602271015/static/init.js (13)
[0319/220812.934:INFO:CONSOLE(7)] "THREE.ColladaLoader: File version 1.4.0", source: file:///C:/Program%20Files/AnyLogic%208.9%20Personal%20Learning%20Edition/plugins/com.anylogic.graphics3d_8.9.8.202602271015/static/init.js (7)
[0319/220812.944:INFO:CONSOLE(13)] "Loaded: file:C:/Users/Abdullah/Desktop/my file/Model8/3d/computer_on.dae", source: file:///C:/Program%20Files/AnyLogic%208.9%20Personal%20Learning%20Edition/plugins/com.anylogic.graphics3d_8.9.8.202602271015/static/init.js (13)
[0319/220812.957:INFO:CONSOLE(13)] "Loaded: file:C:/Users/Abdullah/Desktop/my file/Model8/3d/computer_on.dae", source: file:///C:/Program%20Files/AnyLogic%208.9%20Personal%20Learning%20Edition/plugins/com.anylogic.graphics3d_8.9.8.202602271015/static/init.js (13)
[0319/220812.986:INFO:CONSOLE(13)] "Loaded: file:C:/Users/Abdullah/Desktop/my file/Model8/3d/table_2.dae", source: file:///C:/Program%20Files/AnyLogic%208.9%20Personal%20Learning%20Edition/plugins/com.anylogic.graphics3d_8.9.8.202602271015/static/init.js (13)
[0319/220813.026:INFO:CONSOLE(7)] "THREE.ColladaLoader: File version 1.4.0", source: file:///C:/Program%20Files/AnyLogic%208.9%20Personal%20Learning%20Edition/plugins/com.anylogic.graphics3d_8.9.8.202602271015/static/init.js (7)
[0319/220813.038:INFO:CONSOLE(13)] "Loaded: file:C:/Users/Abdullah/Desktop/my file/Model8/3d/table_3.dae", source: file:///C:/Program%20Files/AnyLogic%208.9%20Personal%20Learning%20Edition/plugins/com.anylogic.graphics3d_8.9.8.202602271015/static/init.js (13)
[0319/220813.051:INFO:CONSOLE(13)] "Loaded: file:C:/Users/Abdullah/Desktop/my file/Model8/3d/table_3.dae", source: file:///C:/Program%20Files/AnyLogic%208.9%20Personal%20Learning%20Edition/plugins/com.anylogic.graphics3d_8.9.8.202602271015/static/init.js (13)
[0319/220813.095:INFO:CONSOLE(7)] "THREE.ColladaLoader: File version 1.4.0", source: file:///C:/Program%20Files/AnyLogic%208.9%20Personal%20Learning%20Edition/plugins/com.anylogic.graphics3d_8.9.8.202602271015/static/init.js (7)
[0319/220813.127:INFO:CONSOLE(13)] "Loaded: file:C:/Users/Abdullah/Desktop/my file/Model8/3d/helicopter.dae", source: file:///C:/Program%20Files/AnyLogic%208.9%20Personal%20Learning%20Edition/plugins/com.anylogic.graphics3d_8.9.8.202602271015/static/init.js (13)
[0319/220813.139:INFO:CONSOLE(13)] "Loaded: file:C:/Users/Abdullah/Desktop/my file/Model8/3d/helicopter.dae", source: file:///C:/Program%20Files/AnyLogic%208.9%20Personal%20Learning%20Edition/plugins/com.anylogic.graphics3d_8.9.8.202602271015/static/init.js (13)
[0319/220813.194:INFO:CONSOLE(7)] "THREE.ColladaLoader: File version 1.4.1", source: file:///C:/Program%20Files/AnyLogic%208.9%20Personal%20Learning%20Edition/plugins/com.anylogic.graphics3d_8.9.8.202602271015/static/init.js (7)
[0319/220813.407:INFO:CONSOLE(13)] "Loaded: file:C:/Users/Abdullah/Desktop/my file/Model8/3d/a320.dae", source: file:///C:/Program%20Files/AnyLogic%208.9%20Personal%20Learning%20Edition/plugins/com.anylogic.graphics3d_8.9.8.202602271015/static/init.js (13)
[0319/220813.419:INFO:CONSOLE(13)] "Loaded: file:C:/Users/Abdullah/Desktop/my file/Model8/3d/a320.dae", source: file:///C:/Program%20Files/AnyLogic%208.9%20Personal%20Learning%20Edition/plugins/com.anylogic.graphics3d_8.9.8.202602271015/static/init.js (13)
[0319/220813.506:INFO:CONSOLE(7)] "THREE.ColladaLoader: File version 1.4.0", source: file:///C:/Program%20Files/AnyLogic%208.9%20Personal%20Learning%20Edition/plugins/com.anylogic.graphics3d_8.9.8.202602271015/static/init.js (7)
[0319/220813.567:INFO:CONSOLE(13)] "Loaded: file:C:/Users/Abdullah/Desktop/my file/Model8/3d/bus_2.dae", source: file:///C:/Program%20Files/AnyLogic%208.9%20Personal%20Learning%20Edition/plugins/com.anylogic.graphics3d_8.9.8.202602271015/static/init.js (13)
[0319/220813.580:INFO:CONSOLE(13)] "Loaded: file:C:/Users/Abdullah/Desktop/my file/Model8/3d/bus_2.dae", source: file:///C:/Program%20Files/AnyLogic%208.9%20Personal%20Learning%20Edition/plugins/com.anylogic.graphics3d_8.9.8.202602271015/static/init.js (13)
[0319/220813.624:INFO:CONSOLE(7)] "THREE.ColladaLoader: File version 1.4.0", source: file:///C:/Program%20Files/AnyLogic%208.9%20Personal%20Learning%20Edition/plugins/com.anylogic.graphics3d_8.9.8.202602271015/static/init.js (7)
[0319/220813.692:INFO:CONSOLE(13)] "Loaded: file:C:/Users/Abdullah/Desktop/my file/Model8/3d/bus_1.dae", source: file:///C:/Program%20Files/AnyLogic%208.9%20Personal%20Learning%20Edition/plugins/com.anylogic.graphics3d_8.9.8.202602271015/static/init.js (13)
[0319/220813.703:INFO:CONSOLE(13)] "Loaded: file:C:/Users/Abdullah/Desktop/my file/Model8/3d/bus_1.dae", source: file:///C:/Program%20Files/AnyLogic%208.9%20Personal%20Learning%20Edition/plugins/com.anylogic.graphics3d_8.9.8.202602271015/static/init.js (13)
[0319/220813.737:INFO:CONSOLE(7)] "THREE.ColladaLoader: File version 1.4.0", source: file:///C:/Program%20Files/AnyLogic%208.9%20Personal%20Learning%20Edition/plugins/com.anylogic.graphics3d_8.9.8.202602271015/static/init.js (7)
[0319/220813.753:INFO:CONSOLE(13)] "Loaded: file:C:/Users/Abdullah/Desktop/my file/Model8/3d/lorry.dae", source: file:///C:/Program%20Files/AnyLogic%208.9%20Personal%20Learning%20Edition/plugins/com.anylogic.graphics3d_8.9.8.202602271015/static/init.js (13)
[0319/220813.764:INFO:CONSOLE(13)] "Loaded: file:C:/Users/Abdullah/Desktop/my file/Model8/3d/lorry.dae", source: file:///C:/Program%20Files/AnyLogic%208.9%20Personal%20Learning%20Edition/plugins/com.anylogic.graphics3d_8.9.8.202602271015/static/init.js (13)
[0319/220813.801:INFO:CONSOLE(7)] "THREE.ColladaLoader: File version 1.4.0", source: file:///C:/Program%20Files/AnyLogic%208.9%20Personal%20Learning%20Edition/plugins/com.anylogic.graphics3d_8.9.8.202602271015/static/init.js (7)
[0319/220813.820:INFO:CONSOLE(13)] "Loaded: file:C:/Users/Abdullah/Desktop/my file/Model8/3d/car.dae", source: file:///C:/Program%20Files/AnyLogic%208.9%20Personal%20Learning%20Edition/plugins/com.anylogic.graphics3d_8.9.8.202602271015/static/init.js (13)
[0319/220813.830:INFO:CONSOLE(13)] "Loaded: file:C:/Users/Abdullah/Desktop/my file/Model8/3d/car.dae", source: file:///C:/Program%20Files/AnyLogic%208.9%20Personal%20Learning%20Edition/plugins/com.anylogic.graphics3d_8.9.8.202602271015/static/init.js (13)
[0319/220813.867:INFO:CONSOLE(7)] "THREE.ColladaLoader: File version 1.4.0", source: file:///C:/Program%20Files/AnyLogic%208.9%20Personal%20Learning%20Edition/plugins/com.anylogic.graphics3d_8.9.8.202602271015/static/init.js (7)
[0319/220813.875:INFO:CONSOLE(13)] "Loaded: file:C:/Users/Abdullah/Desktop/my file/Model8/3d/tree_1.dae", source: file:///C:/Program%20Files/AnyLogic%208.9%20Personal%20Learning%20Edition/plugins/com.anylogic.graphics3d_8.9.8.202602271015/static/init.js (13)
[0319/220813.886:INFO:CONSOLE(13)] "Loaded: file:C:/Users/Abdullah/Desktop/my file/Model8/3d/tree_1.dae", source: file:///C:/Program%20Files/AnyLogic%208.9%20Personal%20Learning%20Edition/plugins/com.anylogic.graphics3d_8.9.8.202602271015/static/init.js (13)
[0319/220813.922:INFO:CONSOLE(7)] "THREE.ColladaLoader: File version 1.4.0", source: file:///C:/Program%20Files/AnyLogic%208.9%20Personal%20Learning%20Edition/plugins/com.anylogic.graphics3d_8.9.8.202602271015/static/init.js (7)
[0319/220813.946:INFO:CONSOLE(13)] "Loaded: file:C:/Users/Abdullah/Desktop/my file/Model8/3d/tree_2.dae", source: file:///C:/Program%20Files/AnyLogic%208.9%20Personal%20Learning%20Edition/plugins/com.anylogic.graphics3d_8.9.8.202602271015/static/init.js (13)
[0319/220813.959:INFO:CONSOLE(13)] "Loaded: file:C:/Users/Abdullah/Desktop/my file/Model8/3d/tree_2.dae", source: file:///C:/Program%20Files/AnyLogic%208.9%20Personal%20Learning%20Edition/plugins/com.anylogic.graphics3d_8.9.8.202602271015/static/init.js (13)
[0319/220813.996:INFO:CONSOLE(7)] "THREE.ColladaLoader: File version 1.4.0", source: file:///C:/Program%20Files/AnyLogic%208.9%20Personal%20Learning%20Edition/plugins/com.anylogic.graphics3d_8.9.8.202602271015/static/init.js (7)
[0319/220814.022:INFO:CONSOLE(13)] "Loaded: file:C:/Users/Abdullah/Desktop/my file/Model8/3d/tree_3.dae", source: file:///C:/Program%20Files/AnyLogic%208.9%20Personal%20Learning%20Edition/plugins/com.anylogic.graphics3d_8.9.8.202602271015/static/init.js (13)
[0319/220814.034:INFO:CONSOLE(13)] "Loaded: file:C:/Users/Abdullah/Desktop/my file/Model8/3d/tree_3.dae", source: file:///C:/Program%20Files/AnyLogic%208.9%20Personal%20Learning%20Edition/plugins/com.anylogic.graphics3d_8.9.8.202602271015/static/init.js (13)
[0319/220814.083:INFO:CONSOLE(7)] "THREE.ColladaLoader: File version 1.4.1", source: file:///C:/Program%20Files/AnyLogic%208.9%20Personal%20Learning%20Edition/plugins/com.anylogic.graphics3d_8.9.8.202602271015/static/init.js (7)
[0319/220814.287:INFO:CONSOLE(13)] "Loaded: file:C:/Users/Abdullah/Desktop/my file/Model8/3d/a321.dae", source: file:///C:/Program%20Files/AnyLogic%208.9%20Personal%20Learning%20Edition/plugins/com.anylogic.graphics3d_8.9.8.202602271015/static/init.js (13)
[0319/220814.300:INFO:CONSOLE(13)] "Loaded: file:C:/Users/Abdullah/Desktop/my file/Model8/3d/a321.dae", source: file:///C:/Program%20Files/AnyLogic%208.9%20Personal%20Learning%20Edition/plugins/com.anylogic.graphics3d_8.9.8.202602271015/static/init.js (13)
[0319/220814.410:INFO:CONSOLE(7)] "THREE.ColladaLoader: File version 1.4.1", source: file:///C:/Program%20Files/AnyLogic%208.9%20Personal%20Learning%20Edition/plugins/com.anylogic.graphics3d_8.9.8.202602271015/static/init.js (7)
[0319/220814.706:INFO:CONSOLE(13)] "Loaded: file:C:/Users/Abdullah/Desktop/my file/Model8/3d/b747.dae", source: file:///C:/Program%20Files/AnyLogic%208.9%20Personal%20Learning%20Edition/plugins/com.anylogic.graphics3d_8.9.8.202602271015/static/init.js (13)
[0319/220814.717:INFO:CONSOLE(13)] "Loaded: file:C:/Users/Abdullah/Desktop/my file/Model8/3d/b747.dae", source: file:///C:/Program%20Files/AnyLogic%208.9%20Personal%20Learning%20Edition/plugins/com.anylogic.graphics3d_8.9.8.202602271015/static/init.js (13)
[0319/221042.573:INFO:CONSOLE(7)] "THREE.ColladaLoader: File version 1.4.0", source: file:///C:/Program%20Files/AnyLogic%208.9%20Personal%20Learning%20Edition/plugins/com.anylogic.graphics3d_8.9.8.202602271015/static/init.js (7)
[0319/221042.616:INFO:CONSOLE(13)] "Loaded: file:C:/Users/Abdullah/Desktop/my file/Model8/3d/detector.dae", source: file:///C:/Program%20Files/AnyLogic%208.9%20Personal%20Learning%20Edition/plugins/com.anylogic.graphics3d_8.9.8.202602271015/static/init.js (13)
[0319/221042.642:INFO:CONSOLE(13)] "Loaded: file:C:/Users/Abdullah/Desktop/my file/Model8/3d/detector.dae", source: file:///C:/Program%20Files/AnyLogic%208.9%20Personal%20Learning%20Edition/plugins/com.anylogic.graphics3d_8.9.8.202602271015/static/init.js (13)
[0319/221042.886:INFO:CONSOLE(13)] "Loaded: file:C:/Users/Abdullah/Desktop/my file/Model8/3d/detector.dae", source: file:///C:/Program%20Files/AnyLogic%208.9%20Personal%20Learning%20Edition/plugins/com.anylogic.graphics3d_8.9.8.202602271015/static/init.js (13)
[0319/221042.938:INFO:CONSOLE(7)] "THREE.ColladaLoader: File version 1.4.0", source: file:///C:/Program%20Files/AnyLogic%208.9%20Personal%20Learning%20Edition/plugins/com.anylogic.graphics3d_8.9.8.202602271015/static/init.js (7)
[0319/221042.966:INFO:CONSOLE(13)] "Loaded: file:C:/Users/Abdullah/Desktop/my file/Model8/3d/xray.dae", source: file:///C:/Program%20Files/AnyLogic%208.9%20Personal%20Learning%20Edition/plugins/com.anylogic.graphics3d_8.9.8.202602271015/static/init.js (13)
[0319/221042.980:INFO:CONSOLE(13)] "Loaded: file:C:/Users/Abdullah/Desktop/my file/Model8/3d/xray.dae", source: file:///C:/Program%20Files/AnyLogic%208.9%20Personal%20Learning%20Edition/plugins/com.anylogic.graphics3d_8.9.8.202602271015/static/init.js (13)
[0319/221043.140:INFO:CONSOLE(7)] "THREE.ColladaLoader: File version 1.4.0", source: file:///C:/Program%20Files/AnyLogic%208.9%20Personal%20Learning%20Edition/plugins/com.anylogic.graphics3d_8.9.8.202602271015/static/init.js (7)
[0319/221043.200:INFO:CONSOLE(13)] "Loaded: file:C:/Users/Abdullah/Desktop/my file/Model8/3d/table.dae", source: file:///C:/Program%20Files/AnyLogic%208.9%20Personal%20Learning%20Edition/plugins/com.anylogic.graphics3d_8.9.8.202602271015/static/init.js (13)
[0319/221043.213:INFO:CONSOLE(13)] "Loaded: file:C:/Users/Abdullah/Desktop/my file/Model8/3d/table.dae", source: file:///C:/Program%20Files/AnyLogic%208.9%20Personal%20Learning%20Edition/plugins/com.anylogic.graphics3d_8.9.8.202602271015/static/init.js (13)
[0319/221043.253:INFO:CONSOLE(7)] "THREE.ColladaLoader: File version 1.4.0", source: file:///C:/Program%20Files/AnyLogic%208.9%20Personal%20Learning%20Edition/plugins/com.anylogic.graphics3d_8.9.8.202602271015/static/init.js (7)
[0319/221043.269:INFO:CONSOLE(13)] "Loaded: file:C:/Users/Abdullah/Desktop/my file/Model8/3d/ticket_vending_machine_2.dae", source: file:///C:/Program%20Files/AnyLogic%208.9%20Personal%20Learning%20Edition/plugins/com.anylogic.graphics3d_8.9.8.202602271015/static/init.js (13)
[0319/221043.283:INFO:CONSOLE(13)] "Loaded: file:C:/Users/Abdullah/Desktop/my file/Model8/3d/ticket_vending_machine_2.dae", source: file:///C:/Program%20Files/AnyLogic%208.9%20Personal%20Learning%20Edition/plugins/com.anylogic.graphics3d_8.9.8.202602271015/static/init.js (13)
[0319/221043.330:INFO:CONSOLE(7)] "THREE.ColladaLoader: File version 1.4.0", source: file:///C:/Program%20Files/AnyLogic%208.9%20Personal%20Learning%20Edition/plugins/com.anylogic.graphics3d_8.9.8.202602271015/static/init.js (7)
[0319/221043.390:INFO:CONSOLE(13)] "Loaded: file:C:/Users/Abdullah/Desktop/my file/Model8/3d/fire_extinguisher.dae", source: file:///C:/Program%20Files/AnyLogic%208.9%20Personal%20Learning%20Edition/plugins/com.anylogic.graphics3d_8.9.8.202602271015/static/init.js (13)
[0319/221043.403:INFO:CONSOLE(13)] "Loaded: file:C:/Users/Abdullah/Desktop/my file/Model8/3d/fire_extinguisher.dae", source: file:///C:/Program%20Files/AnyLogic%208.9%20Personal%20Learning%20Edition/plugins/com.anylogic.graphics3d_8.9.8.202602271015/static/init.js (13)
[0319/221043.449:INFO:CONSOLE(7)] "THREE.ColladaLoader: File version 1.4.0", source: file:///C:/Program%20Files/AnyLogic%208.9%20Personal%20Learning%20Edition/plugins/com.anylogic.graphics3d_8.9.8.202602271015/static/init.js (7)
[0319/221043.459:INFO:CONSOLE(13)] "Loaded: file:C:/Users/Abdullah/Desktop/my file/Model8/3d/couch_2.dae", source: file:///C:/Program%20Files/AnyLogic%208.9%20Personal%20Learning%20Edition/plugins/com.anylogic.graphics3d_8.9.8.202602271015/static/init.js (13)
[0319/221043.474:INFO:CONSOLE(13)] "Loaded: file:C:/Users/Abdullah/Desktop/my file/Model8/3d/couch_2.dae", source: file:///C:/Program%20Files/AnyLogic%208.9%20Personal%20Learning%20Edition/plugins/com.anylogic.graphics3d_8.9.8.202602271015/static/init.js (13)
[0319/221043.510:INFO:CONSOLE(7)] "THREE.ColladaLoader: File version 1.4.0", source: file:///C:/Program%20Files/AnyLogic%208.9%20Personal%20Learning%20Edition/plugins/com.anylogic.graphics3d_8.9.8.202602271015/static/init.js (7)
[0319/221043.516:INFO:CONSOLE(13)] "Loaded: file:C:/Users/Abdullah/Desktop/my file/Model8/3d/couch_1.dae", source: file:///C:/Program%20Files/AnyLogic%208.9%20Personal%20Learning%20Edition/plugins/com.anylogic.graphics3d_8.9.8.202602271015/static/init.js (13)
[0319/221043.533:INFO:CONSOLE(13)] "Loaded: file:C:/Users/Abdullah/Desktop/my file/Model8/3d/couch_1.dae", source: file:///C:/Program%20Files/AnyLogic%208.9%20Personal%20Learning%20Edition/plugins/com.anylogic.graphics3d_8.9.8.202602271015/static/init.js (13)
[0319/221043.566:INFO:CONSOLE(7)] "THREE.ColladaLoader: File version 1.4.0", source: file:///C:/Program%20Files/AnyLogic%208.9%20Personal%20Learning%20Edition/plugins/com.anylogic.graphics3d_8.9.8.202602271015/static/init.js (7)
[0319/221043.571:INFO:CONSOLE(13)] "Loaded: file:C:/Users/Abdullah/Desktop/my file/Model8/3d/monitor_on.dae", source: file:///C:/Program%20Files/AnyLogic%208.9%20Personal%20Learning%20Edition/plugins/com.anylogic.graphics3d_8.9.8.202602271015/static/init.js (13)
[0319/221043.585:INFO:CONSOLE(13)] "Loaded: file:C:/Users/Abdullah/Desktop/my file/Model8/3d/monitor_on.dae", source: file:///C:/Program%20Files/AnyLogic%208.9%20Personal%20Learning%20Edition/plugins/com.anylogic.graphics3d_8.9.8.202602271015/static/init.js (13)
[0319/221043.614:INFO:CONSOLE(13)] "Loaded: file:C:/Users/Abdullah/Desktop/my file/Model8/3d/couch_1.dae", source: file:///C:/Program%20Files/AnyLogic%208.9%20Personal%20Learning%20Edition/plugins/com.anylogic.graphics3d_8.9.8.202602271015/static/init.js (13)
[0319/221043.643:INFO:CONSOLE(13)] "Loaded: file:C:/Users/Abdullah/Desktop/my file/Model8/3d/detector.dae", source: file:///C:/Program%20Files/AnyLogic%208.9%20Personal%20Learning%20Edition/plugins/com.anylogic.graphics3d_8.9.8.202602271015/static/init.js (13)
[0319/221043.691:INFO:CONSOLE(7)] "THREE.ColladaLoader: File version 1.4.0", source: file:///C:/Program%20Files/AnyLogic%208.9%20Personal%20Learning%20Edition/plugins/com.anylogic.graphics3d_8.9.8.202602271015/static/init.js (7)
[0319/221043.701:INFO:CONSOLE(13)] "Loaded: file:C:/Users/Abdullah/Desktop/my file/Model8/3d/table_2.dae", source: file:///C:/Program%20Files/AnyLogic%208.9%20Personal%20Learning%20Edition/plugins/com.anylogic.graphics3d_8.9.8.202602271015/static/init.js (13)
[0319/221043.714:INFO:CONSOLE(13)] "Loaded: file:C:/Users/Abdullah/Desktop/my file/Model8/3d/table_2.dae", source: file:///C:/Program%20Files/AnyLogic%208.9%20Personal%20Learning%20Edition/plugins/com.anylogic.graphics3d_8.9.8.202602271015/static/init.js (13)
[0319/221043.754:INFO:CONSOLE(7)] "THREE.ColladaLoader: File version 1.4.0", source: file:///C:/Program%20Files/AnyLogic%208.9%20Personal%20Learning%20Edition/plugins/com.anylogic.graphics3d_8.9.8.202602271015/static/init.js (7)
[0319/221043.760:INFO:CONSOLE(13)] "Loaded: file:C:/Users/Abdullah/Desktop/my file/Model8/3d/chair.dae", source: file:///C:/Program%20Files/AnyLogic%208.9%20Personal%20Learning%20Edition/plugins/com.anylogic.graphics3d_8.9.8.202602271015/static/init.js (13)
[0319/221043.775:INFO:CONSOLE(13)] "Loaded: file:C:/Users/Abdullah/Desktop/my file/Model8/3d/chair.dae", source: file:///C:/Program%20Files/AnyLogic%208.9%20Personal%20Learning%20Edition/plugins/com.anylogic.graphics3d_8.9.8.202602271015/static/init.js (13)
[0319/221043.823:INFO:CONSOLE(7)] "THREE.ColladaLoader: File version 1.4.0", source: file:///C:/Program%20Files/AnyLogic%208.9%20Personal%20Learning%20Edition/plugins/com.anylogic.graphics3d_8.9.8.202602271015/static/init.js (7)
[0319/221043.859:INFO:CONSOLE(13)] "Loaded: file:C:/Users/Abdullah/Desktop/my file/Model8/3d/officeworker.dae", source: file:///C:/Program%20Files/AnyLogic%208.9%20Personal%20Learning%20Edition/plugins/com.anylogic.graphics3d_8.9.8.202602271015/static/init.js (13)
[0319/221043.871:INFO:CONSOLE(13)] "Loaded: file:C:/Users/Abdullah/Desktop/my file/Model8/3d/officeworker.dae", source: file:///C:/Program%20Files/AnyLogic%208.9%20Personal%20Learning%20Edition/plugins/com.anylogic.graphics3d_8.9.8.202602271015/static/init.js (13)
[0319/221043.901:INFO:CONSOLE(13)] "Loaded: file:C:/Users/Abdullah/Desktop/my file/Model8/3d/table.dae", source: file:///C:/Program%20Files/AnyLogic%208.9%20Personal%20Learning%20Edition/plugins/com.anylogic.graphics3d_8.9.8.202602271015/static/init.js (13)
[0319/221043.945:INFO:CONSOLE(7)] "THREE.ColladaLoader: File version 1.4.0", source: file:///C:/Program%20Files/AnyLogic%208.9%20Personal%20Learning%20Edition/plugins/com.anylogic.graphics3d_8.9.8.202602271015/static/init.js (7)
[0319/221043.996:INFO:CONSOLE(13)] "Loaded: file:C:/Users/Abdullah/Desktop/my file/Model8/3d/soldier.dae", source: file:///C:/Program%20Files/AnyLogic%208.9%20Personal%20Learning%20Edition/plugins/com.anylogic.graphics3d_8.9.8.202602271015/static/init.js (13)
[0319/221044.009:INFO:CONSOLE(13)] "Loaded: file:C:/Users/Abdullah/Desktop/my file/Model8/3d/soldier.dae", source: file:///C:/Program%20Files/AnyLogic%208.9%20Personal%20Learning%20Edition/plugins/com.anylogic.graphics3d_8.9.8.202602271015/static/init.js (13)
[0319/221044.056:INFO:CONSOLE(7)] "THREE.ColladaLoader: File version 1.4.0", source: file:///C:/Program%20Files/AnyLogic%208.9%20Personal%20Learning%20Edition/plugins/com.anylogic.graphics3d_8.9.8.202602271015/static/init.js (7)
[0319/221044.113:INFO:CONSOLE(13)] "Loaded: file:C:/Users/Abdullah/Desktop/my file/Model8/3d/officer.dae", source: file:///C:/Program%20Files/AnyLogic%208.9%20Personal%20Learning%20Edition/plugins/com.anylogic.graphics3d_8.9.8.202602271015/static/init.js (13)
[0319/221044.126:INFO:CONSOLE(13)] "Loaded: file:C:/Users/Abdullah/Desktop/my file/Model8/3d/officer.dae", source: file:///C:/Program%20Files/AnyLogic%208.9%20Personal%20Learning%20Edition/plugins/com.anylogic.graphics3d_8.9.8.202602271015/static/init.js (13)
[0319/221044.156:INFO:CONSOLE(13)] "Loaded: file:C:/Users/Abdullah/Desktop/my file/Model8/3d/couch_1.dae", source: file:///C:/Program%20Files/AnyLogic%208.9%20Personal%20Learning%20Edition/plugins/com.anylogic.graphics3d_8.9.8.202602271015/static/init.js (13)
[0319/221044.197:INFO:CONSOLE(7)] "THREE.ColladaLoader: File version 1.4.0", source: file:///C:/Program%20Files/AnyLogic%208.9%20Personal%20Learning%20Edition/plugins/com.anylogic.graphics3d_8.9.8.202602271015/static/init.js (7)
[0319/221044.204:INFO:CONSOLE(13)] "Loaded: file:C:/Users/Abdullah/Desktop/my file/Model8/3d/computer_on.dae", source: file:///C:/Program%20Files/AnyLogic%208.9%20Personal%20Learning%20Edition/plugins/com.anylogic.graphics3d_8.9.8.202602271015/static/init.js (13)
[0319/221044.218:INFO:CONSOLE(13)] "Loaded: file:C:/Users/Abdullah/Desktop/my file/Model8/3d/computer_on.dae", source: file:///C:/Program%20Files/AnyLogic%208.9%20Personal%20Learning%20Edition/plugins/com.anylogic.graphics3d_8.9.8.202602271015/static/init.js (13)
[0319/221044.249:INFO:CONSOLE(13)] "Loaded: file:C:/Users/Abdullah/Desktop/my file/Model8/3d/table_2.dae", source: file:///C:/Program%20Files/AnyLogic%208.9%20Personal%20Learning%20Edition/plugins/com.anylogic.graphics3d_8.9.8.202602271015/static/init.js (13)
[0319/221044.289:INFO:CONSOLE(7)] "THREE.ColladaLoader: File version 1.4.0", source: file:///C:/Program%20Files/AnyLogic%208.9%20Personal%20Learning%20Edition/plugins/com.anylogic.graphics3d_8.9.8.202602271015/static/init.js (7)
[0319/221044.306:INFO:CONSOLE(13)] "Loaded: file:C:/Users/Abdullah/Desktop/my file/Model8/3d/table_3.dae", source: file:///C:/Program%20Files/AnyLogic%208.9%20Personal%20Learning%20Edition/plugins/com.anylogic.graphics3d_8.9.8.202602271015/static/init.js (13)
[0319/221044.319:INFO:CONSOLE(13)] "Loaded: file:C:/Users/Abdullah/Desktop/my file/Model8/3d/table_3.dae", source: file:///C:/Program%20Files/AnyLogic%208.9%20Personal%20Learning%20Edition/plugins/com.anylogic.graphics3d_8.9.8.202602271015/static/init.js (13)
[0319/221044.370:INFO:CONSOLE(7)] "THREE.ColladaLoader: File version 1.4.0", source: file:///C:/Program%20Files/AnyLogic%208.9%20Personal%20Learning%20Edition/plugins/com.anylogic.graphics3d_8.9.8.202602271015/static/init.js (7)
[0319/221044.405:INFO:CONSOLE(13)] "Loaded: file:C:/Users/Abdullah/Desktop/my file/Model8/3d/helicopter.dae", source: file:///C:/Program%20Files/AnyLogic%208.9%20Personal%20Learning%20Edition/plugins/com.anylogic.graphics3d_8.9.8.202602271015/static/init.js (13)
[0319/221044.418:INFO:CONSOLE(13)] "Loaded: file:C:/Users/Abdullah/Desktop/my file/Model8/3d/helicopter.dae", source: file:///C:/Program%20Files/AnyLogic%208.9%20Personal%20Learning%20Edition/plugins/com.anylogic.graphics3d_8.9.8.202602271015/static/init.js (13)
[0319/221044.486:INFO:CONSOLE(7)] "THREE.ColladaLoader: File version 1.4.1", source: file:///C:/Program%20Files/AnyLogic%208.9%20Personal%20Learning%20Edition/plugins/com.anylogic.graphics3d_8.9.8.202602271015/static/init.js (7)
[0319/221044.748:INFO:CONSOLE(13)] "Loaded: file:C:/Users/Abdullah/Desktop/my file/Model8/3d/a320.dae", source: file:///C:/Program%20Files/AnyLogic%208.9%20Personal%20Learning%20Edition/plugins/com.anylogic.graphics3d_8.9.8.202602271015/static/init.js (13)
[0319/221044.762:INFO:CONSOLE(13)] "Loaded: file:C:/Users/Abdullah/Desktop/my file/Model8/3d/a320.dae", source: file:///C:/Program%20Files/AnyLogic%208.9%20Personal%20Learning%20Edition/plugins/com.anylogic.graphics3d_8.9.8.202602271015/static/init.js (13)
[0319/221044.860:INFO:CONSOLE(7)] "THREE.ColladaLoader: File version 1.4.0", source: file:///C:/Program%20Files/AnyLogic%208.9%20Personal%20Learning%20Edition/plugins/com.anylogic.graphics3d_8.9.8.202602271015/static/init.js (7)
[0319/221044.929:INFO:CONSOLE(13)] "Loaded: file:C:/Users/Abdullah/Desktop/my file/Model8/3d/bus_2.dae", source: file:///C:/Program%20Files/AnyLogic%208.9%20Personal%20Learning%20Edition/plugins/com.anylogic.graphics3d_8.9.8.202602271015/static/init.js (13)
[0319/221044.944:INFO:CONSOLE(13)] "Loaded: file:C:/Users/Abdullah/Desktop/my file/Model8/3d/bus_2.dae", source: file:///C:/Program%20Files/AnyLogic%208.9%20Personal%20Learning%20Edition/plugins/com.anylogic.graphics3d_8.9.8.202602271015/static/init.js (13)
[0319/221044.999:INFO:CONSOLE(7)] "THREE.ColladaLoader: File version 1.4.0", source: file:///C:/Program%20Files/AnyLogic%208.9%20Personal%20Learning%20Edition/plugins/com.anylogic.graphics3d_8.9.8.202602271015/static/init.js (7)
[0319/221045.080:INFO:CONSOLE(13)] "Loaded: file:C:/Users/Abdullah/Desktop/my file/Model8/3d/bus_1.dae", source: file:///C:/Program%20Files/AnyLogic%208.9%20Personal%20Learning%20Edition/plugins/com.anylogic.graphics3d_8.9.8.202602271015/static/init.js (13)
[0319/221045.094:INFO:CONSOLE(13)] "Loaded: file:C:/Users/Abdullah/Desktop/my file/Model8/3d/bus_1.dae", source: file:///C:/Program%20Files/AnyLogic%208.9%20Personal%20Learning%20Edition/plugins/com.anylogic.graphics3d_8.9.8.202602271015/static/init.js (13)
[0319/221045.127:INFO:CONSOLE(7)] "THREE.ColladaLoader: File version 1.4.0", source: file:///C:/Program%20Files/AnyLogic%208.9%20Personal%20Learning%20Edition/plugins/com.anylogic.graphics3d_8.9.8.202602271015/static/init.js (7)
[0319/221045.143:INFO:CONSOLE(13)] "Loaded: file:C:/Users/Abdullah/Desktop/my file/Model8/3d/lorry.dae", source: file:///C:/Program%20Files/AnyLogic%208.9%20Personal%20Learning%20Edition/plugins/com.anylogic.graphics3d_8.9.8.202602271015/static/init.js (13)
[0319/221045.155:INFO:CONSOLE(13)] "Loaded: file:C:/Users/Abdullah/Desktop/my file/Model8/3d/lorry.dae", source: file:///C:/Program%20Files/AnyLogic%208.9%20Personal%20Learning%20Edition/plugins/com.anylogic.graphics3d_8.9.8.202602271015/static/init.js (13)
[0319/221045.194:INFO:CONSOLE(7)] "THREE.ColladaLoader: File version 1.4.0", source: file:///C:/Program%20Files/AnyLogic%208.9%20Personal%20Learning%20Edition/plugins/com.anylogic.graphics3d_8.9.8.202602271015/static/init.js (7)
[0319/221045.216:INFO:CONSOLE(13)] "Loaded: file:C:/Users/Abdullah/Desktop/my file/Model8/3d/car.dae", source: file:///C:/Program%20Files/AnyLogic%208.9%20Personal%20Learning%20Edition/plugins/com.anylogic.graphics3d_8.9.8.202602271015/static/init.js (13)
[0319/221045.229:INFO:CONSOLE(13)] "Loaded: file:C:/Users/Abdullah/Desktop/my file/Model8/3d/car.dae", source: file:///C:/Program%20Files/AnyLogic%208.9%20Personal%20Learning%20Edition/plugins/com.anylogic.graphics3d_8.9.8.202602271015/static/init.js (13)
[0319/221045.268:INFO:CONSOLE(7)] "THREE.ColladaLoader: File version 1.4.0", source: file:///C:/Program%20Files/AnyLogic%208.9%20Personal%20Learning%20Edition/plugins/com.anylogic.graphics3d_8.9.8.202602271015/static/init.js (7)
[0319/221045.277:INFO:CONSOLE(13)] "Loaded: file:C:/Users/Abdullah/Desktop/my file/Model8/3d/tree_1.dae", source: file:///C:/Program%20Files/AnyLogic%208.9%20Personal%20Learning%20Edition/plugins/com.anylogic.graphics3d_8.9.8.202602271015/static/init.js (13)
[0319/221045.292:INFO:CONSOLE(13)] "Loaded: file:C:/Users/Abdullah/Desktop/my file/Model8/3d/tree_1.dae", source: file:///C:/Program%20Files/AnyLogic%208.9%20Personal%20Learning%20Edition/plugins/com.anylogic.graphics3d_8.9.8.202602271015/static/init.js (13)
[0319/221045.331:INFO:CONSOLE(7)] "THREE.ColladaLoader: File version 1.4.0", source: file:///C:/Program%20Files/AnyLogic%208.9%20Personal%20Learning%20Edition/plugins/com.anylogic.graphics3d_8.9.8.202602271015/static/init.js (7)
[0319/221045.362:INFO:CONSOLE(13)] "Loaded: file:C:/Users/Abdullah/Desktop/my file/Model8/3d/tree_2.dae", source: file:///C:/Program%20Files/AnyLogic%208.9%20Personal%20Learning%20Edition/plugins/com.anylogic.graphics3d_8.9.8.202602271015/static/init.js (13)
[0319/221045.374:INFO:CONSOLE(13)] "Loaded: file:C:/Users/Abdullah/Desktop/my file/Model8/3d/tree_2.dae", source: file:///C:/Program%20Files/AnyLogic%208.9%20Personal%20Learning%20Edition/plugins/com.anylogic.graphics3d_8.9.8.202602271015/static/init.js (13)
[0319/221045.413:INFO:CONSOLE(7)] "THREE.ColladaLoader: File version 1.4.0", source: file:///C:/Program%20Files/AnyLogic%208.9%20Personal%20Learning%20Edition/plugins/com.anylogic.graphics3d_8.9.8.202602271015/static/init.js (7)
[0319/221045.440:INFO:CONSOLE(13)] "Loaded: file:C:/Users/Abdullah/Desktop/my file/Model8/3d/tree_3.dae", source: file:///C:/Program%20Files/AnyLogic%208.9%20Personal%20Learning%20Edition/plugins/com.anylogic.graphics3d_8.9.8.202602271015/static/init.js (13)
[0319/221045.451:INFO:CONSOLE(13)] "Loaded: file:C:/Users/Abdullah/Desktop/my file/Model8/3d/tree_3.dae", source: file:///C:/Program%20Files/AnyLogic%208.9%20Personal%20Learning%20Edition/plugins/com.anylogic.graphics3d_8.9.8.202602271015/static/init.js (13)
[0319/221045.502:INFO:CONSOLE(7)] "THREE.ColladaLoader: File version 1.4.1", source: file:///C:/Program%20Files/AnyLogic%208.9%20Personal%20Learning%20Edition/plugins/com.anylogic.graphics3d_8.9.8.202602271015/static/init.js (7)
[0319/221045.731:INFO:CONSOLE(13)] "Loaded: file:C:/Users/Abdullah/Desktop/my file/Model8/3d/a321.dae", source: file:///C:/Program%20Files/AnyLogic%208.9%20Personal%20Learning%20Edition/plugins/com.anylogic.graphics3d_8.9.8.202602271015/static/init.js (13)
[0319/221045.747:INFO:CONSOLE(13)] "Loaded: file:C:/Users/Abdullah/Desktop/my file/Model8/3d/a321.dae", source: file:///C:/Program%20Files/AnyLogic%208.9%20Personal%20Learning%20Edition/plugins/com.anylogic.graphics3d_8.9.8.202602271015/static/init.js (13)
[0319/221045.874:INFO:CONSOLE(7)] "THREE.ColladaLoader: File version 1.4.1", source: file:///C:/Program%20Files/AnyLogic%208.9%20Personal%20Learning%20Edition/plugins/com.anylogic.graphics3d_8.9.8.202602271015/static/init.js (7)
[0319/221046.230:INFO:CONSOLE(13)] "Loaded: file:C:/Users/Abdullah/Desktop/my file/Model8/3d/b747.dae", source: file:///C:/Program%20Files/AnyLogic%208.9%20Personal%20Learning%20Edition/plugins/com.anylogic.graphics3d_8.9.8.202602271015/static/init.js (13)
[0319/221046.242:INFO:CONSOLE(13)] "Loaded: file:C:/Users/Abdullah/Desktop/my file/Model8/3d/b747.dae", source: file:///C:/Program%20Files/AnyLogic%208.9%20Personal%20Learning%20Edition/plugins/com.anylogic.graphics3d_8.9.8.202602271015/static/init.js (13)
[0319/221238.831:ERROR:gpu_init.cc(523)] Passthrough is not supported, GL is disabled, ANGLE is 
